Copyright 1986-2020 Xilinx, Inc. All Rights Reserved.
------------------------------------------------------------------------------------
| Tool Version : Vivado v.2020.2 (win64) Build 3064766 Wed Nov 18 09:12:45 MST 2020
| Date         : Mon Feb  5 17:44:37 2024
| Host         : AcerAspireEgo running 64-bit major release  (build 9200)
| Command      : report_clock_utilization -file top_clock_utilization_routed.rpt
| Design       : top
| Device       : 7z010-clg400
| Speed File   : -1  PRODUCTION 1.12 2019-11-22
| Design State : Routed
------------------------------------------------------------------------------------

Clock Utilization Report

Table of Contents
-----------------
1. Clock Primitive Utilization
2. Global Clock Resources
3. Global Clock Source Details
4. Clock Regions: Key Resource Utilization
5. Clock Regions : Global Clock Summary
6. Device Cell Placement Summary for Global Clock g0
7. Device Cell Placement Summary for Global Clock g1
8. Device Cell Placement Summary for Global Clock g2
9. Device Cell Placement Summary for Global Clock g3
10. Device Cell Placement Summary for Global Clock g4
11. Device Cell Placement Summary for Global Clock g5
12. Device Cell Placement Summary for Global Clock g6
13. Device Cell Placement Summary for Global Clock g7
14. Device Cell Placement Summary for Global Clock g8
15. Device Cell Placement Summary for Global Clock g9
16. Device Cell Placement Summary for Global Clock g10
17. Device Cell Placement Summary for Global Clock g11
18. Clock Region Cell Placement per Global Clock: Region X0Y0
19. Clock Region Cell Placement per Global Clock: Region X1Y0
20. Clock Region Cell Placement per Global Clock: Region X0Y1
21. Clock Region Cell Placement per Global Clock: Region X1Y1

1. Clock Primitive Utilization
------------------------------

+----------+------+-----------+-----+--------------+--------+
| Type     | Used | Available | LOC | Clock Region | Pblock |
+----------+------+-----------+-----+--------------+--------+
| BUFGCTRL |   12 |        32 |   0 |            0 |      0 |
| BUFH     |    0 |        48 |   0 |            0 |      0 |
| BUFIO    |    0 |         8 |   0 |            0 |      0 |
| BUFMR    |    0 |         4 |   0 |            0 |      0 |
| BUFR     |    0 |         8 |   0 |            0 |      0 |
| MMCM     |    0 |         2 |   0 |            0 |      0 |
| PLL      |    0 |         2 |   0 |            0 |      0 |
+----------+------+-----------+-----+--------------+--------+


2. Global Clock Resources
-------------------------

+-----------+-----------+-----------------+------------+----------------+--------------+-------------------+-------------+-----------------+--------------+-------+-----------------------------------------------------------------------------------------------------+----------------------------------------------------------------------------------------------+
| Global Id | Source Id | Driver Type/Pin | Constraint | Site           | Clock Region | Load Clock Region | Clock Loads | Non-Clock Loads | Clock Period | Clock | Driver Pin                                                                                          | Net                                                                                          |
+-----------+-----------+-----------------+------------+----------------+--------------+-------------------+-------------+-----------------+--------------+-------+-----------------------------------------------------------------------------------------------------+----------------------------------------------------------------------------------------------+
| g0        | src0      | BUFG/O          | None       | BUFGCTRL_X0Y0  | n/a          |                 4 |          78 |               0 |       16.000 | clk_i | clk_i_IBUF_BUFG_inst/O                                                                              | clk_i_IBUF_BUFG                                                                              |
| g1        | src1      | BUFG/O          | None       | BUFGCTRL_X0Y1  | n/a          |                 2 |          32 |               0 |              |       | first_section/main_voter/cnt_v_reg[1][31]_i_2__4_n_7_BUFG_inst/O                                    | first_section/main_voter/cnt_v_reg[1][31]_i_2__4_n_7_BUFG                                    |
| g2        | src2      | BUFG/O          | None       | BUFGCTRL_X0Y2  | n/a          |                 2 |          32 |               0 |              |       | first_section/main_voter/cnt_v_reg[2][31]_i_2__4_n_7_BUFG_inst/O                                    | first_section/main_voter/cnt_v_reg[2][31]_i_2__4_n_7_BUFG                                    |
| g3        | src3      | BUFG/O          | None       | BUFGCTRL_X0Y3  | n/a          |                 2 |          32 |               0 |              |       | first_section/main_voter/max_reg[31]_i_2__4_n_7_BUFG_inst/O                                         | first_section/main_voter/max_reg[31]_i_2__4_n_7_BUFG                                         |
| g4        | src4      | BUFG/O          | None       | BUFGCTRL_X0Y4  | n/a          |                 1 |          32 |               0 |              |       | first_section/redundancy_voters_generation_originals[0].generation2/max_reg[31]_i_2_n_7_BUFG_inst/O | first_section/redundancy_voters_generation_originals[0].generation2/max_reg[31]_i_2_n_7_BUFG |
| g5        | src5      | BUFG/O          | None       | BUFGCTRL_X0Y5  | n/a          |                 1 |           2 |               0 |              |       | n_0_311_BUFG_inst/O                                                                                 | n_0_311_BUFG                                                                                 |
| g6        | src6      | BUFG/O          | None       | BUFGCTRL_X0Y6  | n/a          |                 1 |           2 |               0 |              |       | n_1_14459_BUFG_inst/O                                                                               | n_1_14459_BUFG                                                                               |
| g7        | src7      | BUFG/O          | None       | BUFGCTRL_X0Y7  | n/a          |                 1 |           2 |               0 |              |       | n_2_7565_BUFG_inst/O                                                                                | n_2_7565_BUFG                                                                                |
| g8        | src8      | BUFG/O          | None       | BUFGCTRL_X0Y8  | n/a          |                 1 |           2 |               0 |              |       | n_3_3809_BUFG_inst/O                                                                                | n_3_3809_BUFG                                                                                |
| g9        | src9      | BUFG/O          | None       | BUFGCTRL_X0Y9  | n/a          |                 1 |           2 |               0 |              |       | n_4_671_BUFG_inst/O                                                                                 | n_4_671_BUFG                                                                                 |
| g10       | src10     | BUFG/O          | None       | BUFGCTRL_X0Y10 | n/a          |                 1 |           2 |               0 |              |       | n_5_13841_BUFG_inst/O                                                                               | n_5_13841_BUFG                                                                               |
| g11       | src11     | BUFG/O          | None       | BUFGCTRL_X0Y11 | n/a          |                 1 |           2 |               0 |              |       | n_6_7205_BUFG_inst/O                                                                                | n_6_7205_BUFG                                                                                |
+-----------+-----------+-----------------+------------+----------------+--------------+-------------------+-------------+-----------------+--------------+-------+-----------------------------------------------------------------------------------------------------+----------------------------------------------------------------------------------------------+
* Clock Loads column represents the clock pin loads (pin count)
** Non-Clock Loads column represents the non-clock pin loads (pin count)


3. Global Clock Source Details
------------------------------

+-----------+-----------+-----------------+------------+--------------+--------------+-------------+-----------------+---------------------+--------------+--------------------------------------------------------------------------------------------------------------------------+----------------------------------------------------------------------------------------------------+
| Source Id | Global Id | Driver Type/Pin | Constraint | Site         | Clock Region | Clock Loads | Non-Clock Loads | Source Clock Period | Source Clock | Driver Pin                                                                                                               | Net                                                                                                |
+-----------+-----------+-----------------+------------+--------------+--------------+-------------+-----------------+---------------------+--------------+--------------------------------------------------------------------------------------------------------------------------+----------------------------------------------------------------------------------------------------+
| src0      | g0        | IBUF/O          | None       | IOB_X0Y28    | X1Y0         |           1 |               0 |              16.000 | clk_i        | clk_i_IBUF_inst/O                                                                                                        | clk_i_IBUF                                                                                         |
| src1      | g1        | LUT2/O          | None       | SLICE_X23Y46 | X1Y0         |           1 |               0 |                     |              | first_section/main_voter/cnt_v_reg[1][31]_i_2__4/O                                                                       | first_section/main_voter/cnt_v_reg[1][31]_i_2__4_n_7                                               |
| src2      | g2        | LUT2/O          | None       | SLICE_X23Y46 | X1Y0         |           1 |               0 |                     |              | first_section/main_voter/cnt_v_reg[2][31]_i_2__4/O                                                                       | first_section/main_voter/cnt_v_reg[2][31]_i_2__4_n_7                                               |
| src3      | g3        | LUT3/O          | None       | SLICE_X21Y45 | X0Y0         |           1 |               0 |                     |              | first_section/main_voter/max_reg[31]_i_2__4/O                                                                            | first_section/main_voter/max_reg[31]_i_2__4_n_7                                                    |
| src4      | g4        | LUT3/O          | None       | SLICE_X21Y45 | X0Y0         |           1 |               0 |                     |              | first_section/redundancy_voters_generation_originals[0].generation2/max_reg[31]_i_2/O                                    | first_section/redundancy_voters_generation_originals[0].generation2/max_reg[31]_i_2_n_7            |
| src5      | g5        | CARRY4/CO[3]    | None       | SLICE_X5Y72  | X0Y1         |           1 |              65 |                     |              | first_section/redundancy_voters_generation_originals[0].generation2/n_0_311_BUFG_inst_i_1/CO[3]                          | first_section/redundancy_voters_generation_originals[0].generation2/O14[0]                         |
| src6      | g6        | CARRY4/CO[3]    | None       | SLICE_X38Y8  | X1Y0         |           1 |              65 |                     |              | redundancy_generation[5].fir_creation/main_voter/n_1_14459_BUFG_inst_i_1/CO[3]                                           | redundancy_generation[5].fir_creation/main_voter/O42[0]                                            |
| src7      | g7        | CARRY4/CO[3]    | None       | SLICE_X0Y32  | X0Y0         |           1 |              65 |                     |              | redundancy_generation[3].fir_creation/redundancy_voters_generation_originals[0].generation2/n_2_7565_BUFG_inst_i_1/CO[3] | redundancy_generation[3].fir_creation/redundancy_voters_generation_originals[0].generation2/O14[0] |
| src8      | g8        | CARRY4/CO[3]    | None       | SLICE_X17Y69 | X0Y1         |           1 |              65 |                     |              | redundancy_generation[1].fir_creation/redundancy_voters_generation_spares[0].generation3/n_3_3809_BUFG_inst_i_1/CO[3]    | redundancy_generation[1].fir_creation/redundancy_voters_generation_spares[0].generation3/O29[0]    |
| src9      | g9        | CARRY4/CO[3]    | None       | SLICE_X0Y62  | X0Y1         |           1 |              65 |                     |              | first_section/redundancy_voters_generation_originals[1].generation2/n_4_671_BUFG_inst_i_1/CO[3]                          | first_section/redundancy_voters_generation_originals[1].generation2/O19[0]                         |
| src10     | g10       | CARRY4/CO[3]    | None       | SLICE_X18Y7  | X0Y0         |           1 |              65 |                     |              | redundancy_generation[5].fir_creation/redundancy_voters_generation_spares[1].generation3/n_5_13841_BUFG_inst_i_1/CO[3]   | redundancy_generation[5].fir_creation/redundancy_voters_generation_spares[1].generation3/O34[0]    |
| src11     | g11       | CARRY4/CO[3]    | None       | SLICE_X1Y42  | X0Y0         |           1 |              65 |                     |              | redundancy_generation[2].fir_creation/main_voter/n_6_7205_BUFG_inst_i_1/CO[3]                                            | redundancy_generation[2].fir_creation/main_voter/O42[0]                                            |
+-----------+-----------+-----------------+------------+--------------+--------------+-------------+-----------------+---------------------+--------------+--------------------------------------------------------------------------------------------------------------------------+----------------------------------------------------------------------------------------------------+
* Clock Loads column represents the clock pin loads (pin count)
** Non-Clock Loads column represents the non-clock pin loads (pin count)


4. Clock Regions: Key Resource Utilization
------------------------------------------

+-------------------+--------------+--------------+--------------+--------------+--------------+--------------+--------------+--------------+--------------+--------------+--------------+--------------+--------------+--------------+--------------+
|                   | Global Clock |     BUFRs    |    BUFMRs    |    BUFIOs    |     MMCM     |      PLL     |      GT      |      PCI     |    ILOGIC    |    OLOGIC    |      FF      |     LUTM     |    RAMB18    |    RAMB36    |    DSP48E2   |
+-------------------+------+-------+------+-------+------+-------+------+-------+------+-------+------+-------+------+-------+------+-------+------+-------+------+-------+------+-------+------+-------+------+-------+------+-------+------+-------+
| Clock Region Name | Used | Avail | Used | Avail | Used | Avail | Used | Avail | Used | Avail | Used | Avail | Used | Avail | Used | Avail | Used | Avail | Used | Avail | Used | Avail | Used | Avail | Used | Avail | Used | Avail | Used | Avail |
+-------------------+------+-------+------+-------+------+-------+------+-------+------+-------+------+-------+------+-------+------+-------+------+-------+------+-------+------+-------+------+-------+------+-------+------+-------+------+-------+
| X0Y0              |    7 |    12 |    0 |     0 |    0 |     0 |    0 |     0 |    0 |     0 |    0 |     0 |    0 |     0 |    0 |     0 |    0 |     0 |    0 |     0 |    0 |  1100 |   21 |   400 |    0 |    20 |    0 |    10 |   12 |    20 |
| X1Y0              |    2 |    12 |    0 |     4 |    0 |     2 |    0 |     4 |    0 |     1 |    0 |     1 |    0 |     0 |    0 |     0 |    0 |    50 |    0 |    50 |   24 |  1100 |   17 |   350 |    0 |    40 |    0 |    20 |   15 |    20 |
| X0Y1              |    8 |    12 |    0 |     0 |    0 |     0 |    0 |     0 |    0 |     0 |    0 |     0 |    0 |     0 |    0 |     0 |    0 |     0 |    0 |     0 |    0 |  1100 |   40 |   400 |    0 |    20 |    0 |    10 |   12 |    20 |
| X1Y1              |    1 |    12 |    0 |     4 |    0 |     2 |    0 |     4 |    0 |     1 |    0 |     1 |    0 |     0 |    0 |     0 |    0 |    50 |    0 |    50 |    0 |  1100 |    0 |   350 |    0 |    40 |    0 |    20 |   15 |    20 |
+-------------------+------+-------+------+-------+------+-------+------+-------+------+-------+------+-------+------+-------+------+-------+------+-------+------+-------+------+-------+------+-------+------+-------+------+-------+------+-------+
* Global Clock column represents track count; while other columns represents cell counts


5. Clock Regions : Global Clock Summary
---------------------------------------

All Modules
+----+----+----+
|    | X0 | X1 |
+----+----+----+
| Y1 |  8 |  1 |
| Y0 |  7 |  2 |
+----+----+----+


6. Device Cell Placement Summary for Global Clock g0
----------------------------------------------------

+-----------+-----------------+-------------------+-------+-------------+---------------+-------------+----------+----------------+----------+-----------------+
| Global Id | Driver Type/Pin | Driver Region (D) | Clock | Period (ns) | Waveform (ns) | Slice Loads | IO Loads | Clocking Loads | GT Loads | Net             |
+-----------+-----------------+-------------------+-------+-------------+---------------+-------------+----------+----------------+----------+-----------------+
| g0        | BUFG/O          | n/a               | clk_i |      16.000 | {0.000 8.000} |          78 |        0 |              0 |        0 | clk_i_IBUF_BUFG |
+-----------+-----------------+-------------------+-------+-------------+---------------+-------------+----------+----------------+----------+-----------------+
* Slice Loads column represents load cell count of all cell types other than IO, GT and clock resources
** IO Loads column represents load cell count of IO types
*** Clocking Loads column represents load cell count that are clock resources (global clock buffer, MMCM, PLL, etc)
**** GT Loads column represents load cell count of GT types


+----+-----+-----+-----------------------+
|    | X0  | X1  | HORIZONTAL PROG DELAY |
+----+-----+-----+-----------------------+
| Y1 |  12 |  15 |                     0 |
| Y0 |  12 |  39 |                     0 |
+----+-----+-----+-----------------------+


7. Device Cell Placement Summary for Global Clock g1
----------------------------------------------------

+-----------+-----------------+-------------------+-------+-------------+---------------+-------------+----------+----------------+----------+-----------------------------------------------------------+
| Global Id | Driver Type/Pin | Driver Region (D) | Clock | Period (ns) | Waveform (ns) | Slice Loads | IO Loads | Clocking Loads | GT Loads | Net                                                       |
+-----------+-----------------+-------------------+-------+-------------+---------------+-------------+----------+----------------+----------+-----------------------------------------------------------+
| g1        | BUFG/O          | n/a               |       |             |               |          32 |        0 |              0 |        0 | first_section/main_voter/cnt_v_reg[1][31]_i_2__4_n_7_BUFG |
+-----------+-----------------+-------------------+-------+-------------+---------------+-------------+----------+----------------+----------+-----------------------------------------------------------+
* Slice Loads column represents load cell count of all cell types other than IO, GT and clock resources
** IO Loads column represents load cell count of IO types
*** Clocking Loads column represents load cell count that are clock resources (global clock buffer, MMCM, PLL, etc)
**** GT Loads column represents load cell count of GT types


+----+-----+----+-----------------------+
|    | X0  | X1 | HORIZONTAL PROG DELAY |
+----+-----+----+-----------------------+
| Y1 |  23 |  0 |                     0 |
| Y0 |   9 |  0 |                     0 |
+----+-----+----+-----------------------+


8. Device Cell Placement Summary for Global Clock g2
----------------------------------------------------

+-----------+-----------------+-------------------+-------+-------------+---------------+-------------+----------+----------------+----------+-----------------------------------------------------------+
| Global Id | Driver Type/Pin | Driver Region (D) | Clock | Period (ns) | Waveform (ns) | Slice Loads | IO Loads | Clocking Loads | GT Loads | Net                                                       |
+-----------+-----------------+-------------------+-------+-------------+---------------+-------------+----------+----------------+----------+-----------------------------------------------------------+
| g2        | BUFG/O          | n/a               |       |             |               |          32 |        0 |              0 |        0 | first_section/main_voter/cnt_v_reg[2][31]_i_2__4_n_7_BUFG |
+-----------+-----------------+-------------------+-------+-------------+---------------+-------------+----------+----------------+----------+-----------------------------------------------------------+
* Slice Loads column represents load cell count of all cell types other than IO, GT and clock resources
** IO Loads column represents load cell count of IO types
*** Clocking Loads column represents load cell count that are clock resources (global clock buffer, MMCM, PLL, etc)
**** GT Loads column represents load cell count of GT types


+----+-----+----+-----------------------+
|    | X0  | X1 | HORIZONTAL PROG DELAY |
+----+-----+----+-----------------------+
| Y1 |  10 |  0 |                     0 |
| Y0 |  22 |  0 |                     0 |
+----+-----+----+-----------------------+


9. Device Cell Placement Summary for Global Clock g3
----------------------------------------------------

+-----------+-----------------+-------------------+-------+-------------+---------------+-------------+----------+----------------+----------+------------------------------------------------------+
| Global Id | Driver Type/Pin | Driver Region (D) | Clock | Period (ns) | Waveform (ns) | Slice Loads | IO Loads | Clocking Loads | GT Loads | Net                                                  |
+-----------+-----------------+-------------------+-------+-------------+---------------+-------------+----------+----------------+----------+------------------------------------------------------+
| g3        | BUFG/O          | n/a               |       |             |               |          32 |        0 |              0 |        0 | first_section/main_voter/max_reg[31]_i_2__4_n_7_BUFG |
+-----------+-----------------+-------------------+-------+-------------+---------------+-------------+----------+----------------+----------+------------------------------------------------------+
* Slice Loads column represents load cell count of all cell types other than IO, GT and clock resources
** IO Loads column represents load cell count of IO types
*** Clocking Loads column represents load cell count that are clock resources (global clock buffer, MMCM, PLL, etc)
**** GT Loads column represents load cell count of GT types


+----+-----+----+-----------------------+
|    | X0  | X1 | HORIZONTAL PROG DELAY |
+----+-----+----+-----------------------+
| Y1 |  14 |  0 |                     0 |
| Y0 |  18 |  0 |                     0 |
+----+-----+----+-----------------------+


10. Device Cell Placement Summary for Global Clock g4
-----------------------------------------------------

+-----------+-----------------+-------------------+-------+-------------+---------------+-------------+----------+----------------+----------+----------------------------------------------------------------------------------------------+
| Global Id | Driver Type/Pin | Driver Region (D) | Clock | Period (ns) | Waveform (ns) | Slice Loads | IO Loads | Clocking Loads | GT Loads | Net                                                                                          |
+-----------+-----------------+-------------------+-------+-------------+---------------+-------------+----------+----------------+----------+----------------------------------------------------------------------------------------------+
| g4        | BUFG/O          | n/a               |       |             |               |          32 |        0 |              0 |        0 | first_section/redundancy_voters_generation_originals[0].generation2/max_reg[31]_i_2_n_7_BUFG |
+-----------+-----------------+-------------------+-------+-------------+---------------+-------------+----------+----------------+----------+----------------------------------------------------------------------------------------------+
* Slice Loads column represents load cell count of all cell types other than IO, GT and clock resources
** IO Loads column represents load cell count of IO types
*** Clocking Loads column represents load cell count that are clock resources (global clock buffer, MMCM, PLL, etc)
**** GT Loads column represents load cell count of GT types


+----+-----+----+-----------------------+
|    | X0  | X1 | HORIZONTAL PROG DELAY |
+----+-----+----+-----------------------+
| Y1 |  32 |  0 |                     0 |
| Y0 |   0 |  0 |                     0 |
+----+-----+----+-----------------------+


11. Device Cell Placement Summary for Global Clock g5
-----------------------------------------------------

+-----------+-----------------+-------------------+-------+-------------+---------------+-------------+----------+----------------+----------+--------------+
| Global Id | Driver Type/Pin | Driver Region (D) | Clock | Period (ns) | Waveform (ns) | Slice Loads | IO Loads | Clocking Loads | GT Loads | Net          |
+-----------+-----------------+-------------------+-------+-------------+---------------+-------------+----------+----------------+----------+--------------+
| g5        | BUFG/O          | n/a               |       |             |               |           1 |        0 |              0 |        0 | n_0_311_BUFG |
+-----------+-----------------+-------------------+-------+-------------+---------------+-------------+----------+----------------+----------+--------------+
* Slice Loads column represents load cell count of all cell types other than IO, GT and clock resources
** IO Loads column represents load cell count of IO types
*** Clocking Loads column represents load cell count that are clock resources (global clock buffer, MMCM, PLL, etc)
**** GT Loads column represents load cell count of GT types


+----+----+----+-----------------------+
|    | X0 | X1 | HORIZONTAL PROG DELAY |
+----+----+----+-----------------------+
| Y1 |  1 |  0 |                     0 |
| Y0 |  0 |  0 |                     0 |
+----+----+----+-----------------------+


12. Device Cell Placement Summary for Global Clock g6
-----------------------------------------------------

+-----------+-----------------+-------------------+-------+-------------+---------------+-------------+----------+----------------+----------+----------------+
| Global Id | Driver Type/Pin | Driver Region (D) | Clock | Period (ns) | Waveform (ns) | Slice Loads | IO Loads | Clocking Loads | GT Loads | Net            |
+-----------+-----------------+-------------------+-------+-------------+---------------+-------------+----------+----------------+----------+----------------+
| g6        | BUFG/O          | n/a               |       |             |               |           1 |        0 |              0 |        0 | n_1_14459_BUFG |
+-----------+-----------------+-------------------+-------+-------------+---------------+-------------+----------+----------------+----------+----------------+
* Slice Loads column represents load cell count of all cell types other than IO, GT and clock resources
** IO Loads column represents load cell count of IO types
*** Clocking Loads column represents load cell count that are clock resources (global clock buffer, MMCM, PLL, etc)
**** GT Loads column represents load cell count of GT types


+----+----+----+-----------------------+
|    | X0 | X1 | HORIZONTAL PROG DELAY |
+----+----+----+-----------------------+
| Y1 |  0 |  0 |                     0 |
| Y0 |  0 |  1 |                     0 |
+----+----+----+-----------------------+


13. Device Cell Placement Summary for Global Clock g7
-----------------------------------------------------

+-----------+-----------------+-------------------+-------+-------------+---------------+-------------+----------+----------------+----------+---------------+
| Global Id | Driver Type/Pin | Driver Region (D) | Clock | Period (ns) | Waveform (ns) | Slice Loads | IO Loads | Clocking Loads | GT Loads | Net           |
+-----------+-----------------+-------------------+-------+-------------+---------------+-------------+----------+----------------+----------+---------------+
| g7        | BUFG/O          | n/a               |       |             |               |           1 |        0 |              0 |        0 | n_2_7565_BUFG |
+-----------+-----------------+-------------------+-------+-------------+---------------+-------------+----------+----------------+----------+---------------+
* Slice Loads column represents load cell count of all cell types other than IO, GT and clock resources
** IO Loads column represents load cell count of IO types
*** Clocking Loads column represents load cell count that are clock resources (global clock buffer, MMCM, PLL, etc)
**** GT Loads column represents load cell count of GT types


+----+----+----+-----------------------+
|    | X0 | X1 | HORIZONTAL PROG DELAY |
+----+----+----+-----------------------+
| Y1 |  0 |  0 |                     0 |
| Y0 |  1 |  0 |                     0 |
+----+----+----+-----------------------+


14. Device Cell Placement Summary for Global Clock g8
-----------------------------------------------------

+-----------+-----------------+-------------------+-------+-------------+---------------+-------------+----------+----------------+----------+---------------+
| Global Id | Driver Type/Pin | Driver Region (D) | Clock | Period (ns) | Waveform (ns) | Slice Loads | IO Loads | Clocking Loads | GT Loads | Net           |
+-----------+-----------------+-------------------+-------+-------------+---------------+-------------+----------+----------------+----------+---------------+
| g8        | BUFG/O          | n/a               |       |             |               |           1 |        0 |              0 |        0 | n_3_3809_BUFG |
+-----------+-----------------+-------------------+-------+-------------+---------------+-------------+----------+----------------+----------+---------------+
* Slice Loads column represents load cell count of all cell types other than IO, GT and clock resources
** IO Loads column represents load cell count of IO types
*** Clocking Loads column represents load cell count that are clock resources (global clock buffer, MMCM, PLL, etc)
**** GT Loads column represents load cell count of GT types


+----+----+----+-----------------------+
|    | X0 | X1 | HORIZONTAL PROG DELAY |
+----+----+----+-----------------------+
| Y1 |  1 |  0 |                     0 |
| Y0 |  0 |  0 |                     0 |
+----+----+----+-----------------------+


15. Device Cell Placement Summary for Global Clock g9
-----------------------------------------------------

+-----------+-----------------+-------------------+-------+-------------+---------------+-------------+----------+----------------+----------+--------------+
| Global Id | Driver Type/Pin | Driver Region (D) | Clock | Period (ns) | Waveform (ns) | Slice Loads | IO Loads | Clocking Loads | GT Loads | Net          |
+-----------+-----------------+-------------------+-------+-------------+---------------+-------------+----------+----------------+----------+--------------+
| g9        | BUFG/O          | n/a               |       |             |               |           1 |        0 |              0 |        0 | n_4_671_BUFG |
+-----------+-----------------+-------------------+-------+-------------+---------------+-------------+----------+----------------+----------+--------------+
* Slice Loads column represents load cell count of all cell types other than IO, GT and clock resources
** IO Loads column represents load cell count of IO types
*** Clocking Loads column represents load cell count that are clock resources (global clock buffer, MMCM, PLL, etc)
**** GT Loads column represents load cell count of GT types


+----+----+----+-----------------------+
|    | X0 | X1 | HORIZONTAL PROG DELAY |
+----+----+----+-----------------------+
| Y1 |  1 |  0 |                     0 |
| Y0 |  0 |  0 |                     0 |
+----+----+----+-----------------------+


16. Device Cell Placement Summary for Global Clock g10
------------------------------------------------------

+-----------+-----------------+-------------------+-------+-------------+---------------+-------------+----------+----------------+----------+----------------+
| Global Id | Driver Type/Pin | Driver Region (D) | Clock | Period (ns) | Waveform (ns) | Slice Loads | IO Loads | Clocking Loads | GT Loads | Net            |
+-----------+-----------------+-------------------+-------+-------------+---------------+-------------+----------+----------------+----------+----------------+
| g10       | BUFG/O          | n/a               |       |             |               |           1 |        0 |              0 |        0 | n_5_13841_BUFG |
+-----------+-----------------+-------------------+-------+-------------+---------------+-------------+----------+----------------+----------+----------------+
* Slice Loads column represents load cell count of all cell types other than IO, GT and clock resources
** IO Loads column represents load cell count of IO types
*** Clocking Loads column represents load cell count that are clock resources (global clock buffer, MMCM, PLL, etc)
**** GT Loads column represents load cell count of GT types


+----+----+----+-----------------------+
|    | X0 | X1 | HORIZONTAL PROG DELAY |
+----+----+----+-----------------------+
| Y1 |  0 |  0 |                     0 |
| Y0 |  1 |  0 |                     0 |
+----+----+----+-----------------------+


17. Device Cell Placement Summary for Global Clock g11
------------------------------------------------------

+-----------+-----------------+-------------------+-------+-------------+---------------+-------------+----------+----------------+----------+---------------+
| Global Id | Driver Type/Pin | Driver Region (D) | Clock | Period (ns) | Waveform (ns) | Slice Loads | IO Loads | Clocking Loads | GT Loads | Net           |
+-----------+-----------------+-------------------+-------+-------------+---------------+-------------+----------+----------------+----------+---------------+
| g11       | BUFG/O          | n/a               |       |             |               |           1 |        0 |              0 |        0 | n_6_7205_BUFG |
+-----------+-----------------+-------------------+-------+-------------+---------------+-------------+----------+----------------+----------+---------------+
* Slice Loads column represents load cell count of all cell types other than IO, GT and clock resources
** IO Loads column represents load cell count of IO types
*** Clocking Loads column represents load cell count that are clock resources (global clock buffer, MMCM, PLL, etc)
**** GT Loads column represents load cell count of GT types


+----+----+----+-----------------------+
|    | X0 | X1 | HORIZONTAL PROG DELAY |
+----+----+----+-----------------------+
| Y1 |  0 |  0 |                     0 |
| Y0 |  1 |  0 |                     0 |
+----+----+----+-----------------------+


18. Clock Region Cell Placement per Global Clock: Region X0Y0
-------------------------------------------------------------

+-----------+-------+-----------------+------------+-------------+-----------------+----+--------+------+-----+----+------+-----+---------+-----------------------------------------------------------+
| Global Id | Track | Driver Type/Pin | Constraint | Clock Loads | Non-Clock Loads | FF | LUTRAM | RAMB | DSP | GT | MMCM | PLL | Hard IP | Net                                                       |
+-----------+-------+-----------------+------------+-------------+-----------------+----+--------+------+-----+----+------+-----+---------+-----------------------------------------------------------+
| g0        | n/a   | BUFG/O          | None       |          12 |               0 |  0 |      0 |    0 |  12 |  0 |    0 |   0 |       0 | clk_i_IBUF_BUFG                                           |
| g1        | n/a   | BUFG/O          | None       |           9 |               0 |  0 |      0 |    0 |   0 |  0 |    0 |   0 |       0 | first_section/main_voter/cnt_v_reg[1][31]_i_2__4_n_7_BUFG |
| g2        | n/a   | BUFG/O          | None       |          22 |               0 |  0 |      0 |    0 |   0 |  0 |    0 |   0 |       0 | first_section/main_voter/cnt_v_reg[2][31]_i_2__4_n_7_BUFG |
| g3        | n/a   | BUFG/O          | None       |          18 |               0 |  0 |      0 |    0 |   0 |  0 |    0 |   0 |       0 | first_section/main_voter/max_reg[31]_i_2__4_n_7_BUFG      |
| g7        | n/a   | BUFG/O          | None       |           1 |               0 |  0 |      0 |    0 |   0 |  0 |    0 |   0 |       0 | n_2_7565_BUFG                                             |
| g10       | n/a   | BUFG/O          | None       |           1 |               0 |  0 |      0 |    0 |   0 |  0 |    0 |   0 |       0 | n_5_13841_BUFG                                            |
| g11       | n/a   | BUFG/O          | None       |           1 |               0 |  0 |      0 |    0 |   0 |  0 |    0 |   0 |       0 | n_6_7205_BUFG                                             |
+-----------+-------+-----------------+------------+-------------+-----------------+----+--------+------+-----+----+------+-----+---------+-----------------------------------------------------------+
* Clock Loads column represents the clock pin loads (pin count)
** Non-Clock Loads column represents the non-clock pin loads (pin count)
*** Columns FF, LUTRAM, RAMB through 'Hard IP' represents load cell counts


19. Clock Region Cell Placement per Global Clock: Region X1Y0
-------------------------------------------------------------

+-----------+-------+-----------------+------------+-------------+-----------------+----+--------+------+-----+----+------+-----+---------+-----------------+
| Global Id | Track | Driver Type/Pin | Constraint | Clock Loads | Non-Clock Loads | FF | LUTRAM | RAMB | DSP | GT | MMCM | PLL | Hard IP | Net             |
+-----------+-------+-----------------+------------+-------------+-----------------+----+--------+------+-----+----+------+-----+---------+-----------------+
| g0        | n/a   | BUFG/O          | None       |          39 |               0 | 24 |      0 |    0 |  15 |  0 |    0 |   0 |       0 | clk_i_IBUF_BUFG |
| g6        | n/a   | BUFG/O          | None       |           1 |               0 |  0 |      0 |    0 |   0 |  0 |    0 |   0 |       0 | n_1_14459_BUFG  |
+-----------+-------+-----------------+------------+-------------+-----------------+----+--------+------+-----+----+------+-----+---------+-----------------+
* Clock Loads column represents the clock pin loads (pin count)
** Non-Clock Loads column represents the non-clock pin loads (pin count)
*** Columns FF, LUTRAM, RAMB through 'Hard IP' represents load cell counts


20. Clock Region Cell Placement per Global Clock: Region X0Y1
-------------------------------------------------------------

+-----------+-------+-----------------+------------+-------------+-----------------+----+--------+------+-----+----+------+-----+---------+----------------------------------------------------------------------------------------------+
| Global Id | Track | Driver Type/Pin | Constraint | Clock Loads | Non-Clock Loads | FF | LUTRAM | RAMB | DSP | GT | MMCM | PLL | Hard IP | Net                                                                                          |
+-----------+-------+-----------------+------------+-------------+-----------------+----+--------+------+-----+----+------+-----+---------+----------------------------------------------------------------------------------------------+
| g0        | n/a   | BUFG/O          | None       |          12 |               0 |  0 |      0 |    0 |  12 |  0 |    0 |   0 |       0 | clk_i_IBUF_BUFG                                                                              |
| g1        | n/a   | BUFG/O          | None       |          23 |               0 |  0 |      0 |    0 |   0 |  0 |    0 |   0 |       0 | first_section/main_voter/cnt_v_reg[1][31]_i_2__4_n_7_BUFG                                    |
| g2        | n/a   | BUFG/O          | None       |          10 |               0 |  0 |      0 |    0 |   0 |  0 |    0 |   0 |       0 | first_section/main_voter/cnt_v_reg[2][31]_i_2__4_n_7_BUFG                                    |
| g3        | n/a   | BUFG/O          | None       |          14 |               0 |  0 |      0 |    0 |   0 |  0 |    0 |   0 |       0 | first_section/main_voter/max_reg[31]_i_2__4_n_7_BUFG                                         |
| g4        | n/a   | BUFG/O          | None       |          32 |               0 |  0 |      0 |    0 |   0 |  0 |    0 |   0 |       0 | first_section/redundancy_voters_generation_originals[0].generation2/max_reg[31]_i_2_n_7_BUFG |
| g5        | n/a   | BUFG/O          | None       |           1 |               0 |  0 |      0 |    0 |   0 |  0 |    0 |   0 |       0 | n_0_311_BUFG                                                                                 |
| g8        | n/a   | BUFG/O          | None       |           1 |               0 |  0 |      0 |    0 |   0 |  0 |    0 |   0 |       0 | n_3_3809_BUFG                                                                                |
| g9        | n/a   | BUFG/O          | None       |           1 |               0 |  0 |      0 |    0 |   0 |  0 |    0 |   0 |       0 | n_4_671_BUFG                                                                                 |
+-----------+-------+-----------------+------------+-------------+-----------------+----+--------+------+-----+----+------+-----+---------+----------------------------------------------------------------------------------------------+
* Clock Loads column represents the clock pin loads (pin count)
** Non-Clock Loads column represents the non-clock pin loads (pin count)
*** Columns FF, LUTRAM, RAMB through 'Hard IP' represents load cell counts


21. Clock Region Cell Placement per Global Clock: Region X1Y1
-------------------------------------------------------------

+-----------+-------+-----------------+------------+-------------+-----------------+----+--------+------+-----+----+------+-----+---------+-----------------+
| Global Id | Track | Driver Type/Pin | Constraint | Clock Loads | Non-Clock Loads | FF | LUTRAM | RAMB | DSP | GT | MMCM | PLL | Hard IP | Net             |
+-----------+-------+-----------------+------------+-------------+-----------------+----+--------+------+-----+----+------+-----+---------+-----------------+
| g0        | n/a   | BUFG/O          | None       |          15 |               0 |  0 |      0 |    0 |  15 |  0 |    0 |   0 |       0 | clk_i_IBUF_BUFG |
+-----------+-------+-----------------+------------+-------------+-----------------+----+--------+------+-----+----+------+-----+---------+-----------------+
* Clock Loads column represents the clock pin loads (pin count)
** Non-Clock Loads column represents the non-clock pin loads (pin count)
*** Columns FF, LUTRAM, RAMB through 'Hard IP' represents load cell counts



# Location of BUFG Primitives 
set_property LOC BUFGCTRL_X0Y11 [get_cells n_6_7205_BUFG_inst]
set_property LOC BUFGCTRL_X0Y10 [get_cells n_5_13841_BUFG_inst]
set_property LOC BUFGCTRL_X0Y9 [get_cells n_4_671_BUFG_inst]
set_property LOC BUFGCTRL_X0Y8 [get_cells n_3_3809_BUFG_inst]
set_property LOC BUFGCTRL_X0Y7 [get_cells n_2_7565_BUFG_inst]
set_property LOC BUFGCTRL_X0Y6 [get_cells n_1_14459_BUFG_inst]
set_property LOC BUFGCTRL_X0Y5 [get_cells n_0_311_BUFG_inst]
set_property LOC BUFGCTRL_X0Y4 [get_cells first_section/redundancy_voters_generation_originals[0].generation2/max_reg[31]_i_2_n_7_BUFG_inst]
set_property LOC BUFGCTRL_X0Y3 [get_cells first_section/main_voter/max_reg[31]_i_2__4_n_7_BUFG_inst]
set_property LOC BUFGCTRL_X0Y2 [get_cells first_section/main_voter/cnt_v_reg[2][31]_i_2__4_n_7_BUFG_inst]
set_property LOC BUFGCTRL_X0Y1 [get_cells first_section/main_voter/cnt_v_reg[1][31]_i_2__4_n_7_BUFG_inst]
set_property LOC BUFGCTRL_X0Y0 [get_cells clk_i_IBUF_BUFG_inst]

# Location of IO Primitives which is load of clock spine

# Location of clock ports
set_property LOC IOB_X0Y28 [get_ports clk_i]

# Clock net "n_6_7205_BUFG" driven by instance "n_6_7205_BUFG_inst" located at site "BUFGCTRL_X0Y11"
#startgroup
create_pblock {CLKAG_n_6_7205_BUFG}
add_cells_to_pblock [get_pblocks  {CLKAG_n_6_7205_BUFG}] [get_cells -filter { PRIMITIVE_GROUP != I/O && IS_PRIMITIVE==1 && PRIMITIVE_LEVEL !=INTERNAL } -of_object [get_pins -filter {DIRECTION==IN} -of_objects [get_nets -hierarchical -filter {PARENT=="n_6_7205_BUFG"}]]]
resize_pblock [get_pblocks {CLKAG_n_6_7205_BUFG}] -add {CLOCKREGION_X0Y0:CLOCKREGION_X0Y0}
#endgroup

# Clock net "n_5_13841_BUFG" driven by instance "n_5_13841_BUFG_inst" located at site "BUFGCTRL_X0Y10"
#startgroup
create_pblock {CLKAG_n_5_13841_BUFG}
add_cells_to_pblock [get_pblocks  {CLKAG_n_5_13841_BUFG}] [get_cells -filter { PRIMITIVE_GROUP != I/O && IS_PRIMITIVE==1 && PRIMITIVE_LEVEL !=INTERNAL } -of_object [get_pins -filter {DIRECTION==IN} -of_objects [get_nets -hierarchical -filter {PARENT=="n_5_13841_BUFG"}]]]
resize_pblock [get_pblocks {CLKAG_n_5_13841_BUFG}] -add {CLOCKREGION_X0Y0:CLOCKREGION_X0Y0}
#endgroup

# Clock net "n_4_671_BUFG" driven by instance "n_4_671_BUFG_inst" located at site "BUFGCTRL_X0Y9"
#startgroup
create_pblock {CLKAG_n_4_671_BUFG}
add_cells_to_pblock [get_pblocks  {CLKAG_n_4_671_BUFG}] [get_cells -filter { PRIMITIVE_GROUP != I/O && IS_PRIMITIVE==1 && PRIMITIVE_LEVEL !=INTERNAL } -of_object [get_pins -filter {DIRECTION==IN} -of_objects [get_nets -hierarchical -filter {PARENT=="n_4_671_BUFG"}]]]
resize_pblock [get_pblocks {CLKAG_n_4_671_BUFG}] -add {CLOCKREGION_X0Y1:CLOCKREGION_X0Y1}
#endgroup

# Clock net "n_3_3809_BUFG" driven by instance "n_3_3809_BUFG_inst" located at site "BUFGCTRL_X0Y8"
#startgroup
create_pblock {CLKAG_n_3_3809_BUFG}
add_cells_to_pblock [get_pblocks  {CLKAG_n_3_3809_BUFG}] [get_cells -filter { PRIMITIVE_GROUP != I/O && IS_PRIMITIVE==1 && PRIMITIVE_LEVEL !=INTERNAL } -of_object [get_pins -filter {DIRECTION==IN} -of_objects [get_nets -hierarchical -filter {PARENT=="n_3_3809_BUFG"}]]]
resize_pblock [get_pblocks {CLKAG_n_3_3809_BUFG}] -add {CLOCKREGION_X0Y1:CLOCKREGION_X0Y1}
#endgroup

# Clock net "n_2_7565_BUFG" driven by instance "n_2_7565_BUFG_inst" located at site "BUFGCTRL_X0Y7"
#startgroup
create_pblock {CLKAG_n_2_7565_BUFG}
add_cells_to_pblock [get_pblocks  {CLKAG_n_2_7565_BUFG}] [get_cells -filter { PRIMITIVE_GROUP != I/O && IS_PRIMITIVE==1 && PRIMITIVE_LEVEL !=INTERNAL } -of_object [get_pins -filter {DIRECTION==IN} -of_objects [get_nets -hierarchical -filter {PARENT=="n_2_7565_BUFG"}]]]
resize_pblock [get_pblocks {CLKAG_n_2_7565_BUFG}] -add {CLOCKREGION_X0Y0:CLOCKREGION_X0Y0}
#endgroup

# Clock net "n_1_14459_BUFG" driven by instance "n_1_14459_BUFG_inst" located at site "BUFGCTRL_X0Y6"
#startgroup
create_pblock {CLKAG_n_1_14459_BUFG}
add_cells_to_pblock [get_pblocks  {CLKAG_n_1_14459_BUFG}] [get_cells -filter { PRIMITIVE_GROUP != I/O && IS_PRIMITIVE==1 && PRIMITIVE_LEVEL !=INTERNAL } -of_object [get_pins -filter {DIRECTION==IN} -of_objects [get_nets -hierarchical -filter {PARENT=="n_1_14459_BUFG"}]]]
resize_pblock [get_pblocks {CLKAG_n_1_14459_BUFG}] -add {CLOCKREGION_X1Y0:CLOCKREGION_X1Y0}
#endgroup

# Clock net "n_0_311_BUFG" driven by instance "n_0_311_BUFG_inst" located at site "BUFGCTRL_X0Y5"
#startgroup
create_pblock {CLKAG_n_0_311_BUFG}
add_cells_to_pblock [get_pblocks  {CLKAG_n_0_311_BUFG}] [get_cells -filter { PRIMITIVE_GROUP != I/O && IS_PRIMITIVE==1 && PRIMITIVE_LEVEL !=INTERNAL } -of_object [get_pins -filter {DIRECTION==IN} -of_objects [get_nets -hierarchical -filter {PARENT=="n_0_311_BUFG"}]]]
resize_pblock [get_pblocks {CLKAG_n_0_311_BUFG}] -add {CLOCKREGION_X0Y1:CLOCKREGION_X0Y1}
#endgroup

# Clock net "first_section/redundancy_voters_generation_originals[0].generation2/max_reg[31]_i_2_n_7_BUFG" driven by instance "first_section/redundancy_voters_generation_originals[0].generation2/max_reg[31]_i_2_n_7_BUFG_inst" located at site "BUFGCTRL_X0Y4"
#startgroup
create_pblock {CLKAG_first_section/redundancy_voters_generation_originals[0].generation2/max_reg[31]_i_2_n_7_BUFG}
add_cells_to_pblock [get_pblocks  {CLKAG_first_section/redundancy_voters_generation_originals[0].generation2/max_reg[31]_i_2_n_7_BUFG}] [get_cells -filter { PRIMITIVE_GROUP != I/O && IS_PRIMITIVE==1 && PRIMITIVE_LEVEL !=INTERNAL } -of_object [get_pins -filter {DIRECTION==IN} -of_objects [get_nets -hierarchical -filter {PARENT=="first_section/redundancy_voters_generation_originals[0].generation2/max_reg[31]_i_2_n_7_BUFG"}]]]
resize_pblock [get_pblocks {CLKAG_first_section/redundancy_voters_generation_originals[0].generation2/max_reg[31]_i_2_n_7_BUFG}] -add {CLOCKREGION_X0Y1:CLOCKREGION_X0Y1}
#endgroup

# Clock net "first_section/main_voter/max_reg[31]_i_2__4_n_7_BUFG" driven by instance "first_section/main_voter/max_reg[31]_i_2__4_n_7_BUFG_inst" located at site "BUFGCTRL_X0Y3"
#startgroup
create_pblock {CLKAG_first_section/main_voter/max_reg[31]_i_2__4_n_7_BUFG}
add_cells_to_pblock [get_pblocks  {CLKAG_first_section/main_voter/max_reg[31]_i_2__4_n_7_BUFG}] [get_cells -filter { PRIMITIVE_GROUP != I/O && IS_PRIMITIVE==1 && PRIMITIVE_LEVEL !=INTERNAL } -of_object [get_pins -filter {DIRECTION==IN} -of_objects [get_nets -hierarchical -filter {PARENT=="first_section/main_voter/max_reg[31]_i_2__4_n_7_BUFG"}]]]
resize_pblock [get_pblocks {CLKAG_first_section/main_voter/max_reg[31]_i_2__4_n_7_BUFG}] -add {CLOCKREGION_X0Y0:CLOCKREGION_X0Y0 CLOCKREGION_X0Y1:CLOCKREGION_X0Y1}
#endgroup

# Clock net "first_section/main_voter/cnt_v_reg[2][31]_i_2__4_n_7_BUFG" driven by instance "first_section/main_voter/cnt_v_reg[2][31]_i_2__4_n_7_BUFG_inst" located at site "BUFGCTRL_X0Y2"
#startgroup
create_pblock {CLKAG_first_section/main_voter/cnt_v_reg[2][31]_i_2__4_n_7_BUFG}
add_cells_to_pblock [get_pblocks  {CLKAG_first_section/main_voter/cnt_v_reg[2][31]_i_2__4_n_7_BUFG}] [get_cells -filter { PRIMITIVE_GROUP != I/O && IS_PRIMITIVE==1 && PRIMITIVE_LEVEL !=INTERNAL } -of_object [get_pins -filter {DIRECTION==IN} -of_objects [get_nets -hierarchical -filter {PARENT=="first_section/main_voter/cnt_v_reg[2][31]_i_2__4_n_7_BUFG"}]]]
resize_pblock [get_pblocks {CLKAG_first_section/main_voter/cnt_v_reg[2][31]_i_2__4_n_7_BUFG}] -add {CLOCKREGION_X0Y0:CLOCKREGION_X0Y0 CLOCKREGION_X0Y1:CLOCKREGION_X0Y1}
#endgroup

# Clock net "first_section/main_voter/cnt_v_reg[1][31]_i_2__4_n_7_BUFG" driven by instance "first_section/main_voter/cnt_v_reg[1][31]_i_2__4_n_7_BUFG_inst" located at site "BUFGCTRL_X0Y1"
#startgroup
create_pblock {CLKAG_first_section/main_voter/cnt_v_reg[1][31]_i_2__4_n_7_BUFG}
add_cells_to_pblock [get_pblocks  {CLKAG_first_section/main_voter/cnt_v_reg[1][31]_i_2__4_n_7_BUFG}] [get_cells -filter { PRIMITIVE_GROUP != I/O && IS_PRIMITIVE==1 && PRIMITIVE_LEVEL !=INTERNAL } -of_object [get_pins -filter {DIRECTION==IN} -of_objects [get_nets -hierarchical -filter {PARENT=="first_section/main_voter/cnt_v_reg[1][31]_i_2__4_n_7_BUFG"}]]]
resize_pblock [get_pblocks {CLKAG_first_section/main_voter/cnt_v_reg[1][31]_i_2__4_n_7_BUFG}] -add {CLOCKREGION_X0Y0:CLOCKREGION_X0Y0 CLOCKREGION_X0Y1:CLOCKREGION_X0Y1}
#endgroup

# Clock net "clk_i_IBUF_BUFG" driven by instance "clk_i_IBUF_BUFG_inst" located at site "BUFGCTRL_X0Y0"
#startgroup
create_pblock {CLKAG_clk_i_IBUF_BUFG}
add_cells_to_pblock [get_pblocks  {CLKAG_clk_i_IBUF_BUFG}] [get_cells -filter { PRIMITIVE_GROUP != I/O && IS_PRIMITIVE==1 && PRIMITIVE_LEVEL !=INTERNAL } -of_object [get_pins -filter {DIRECTION==IN} -of_objects [get_nets -hierarchical -filter {PARENT=="clk_i_IBUF_BUFG"}]]]
resize_pblock [get_pblocks {CLKAG_clk_i_IBUF_BUFG}] -add {CLOCKREGION_X0Y0:CLOCKREGION_X0Y0 CLOCKREGION_X0Y1:CLOCKREGION_X0Y1 CLOCKREGION_X1Y0:CLOCKREGION_X1Y0 CLOCKREGION_X1Y1:CLOCKREGION_X1Y1}
#endgroup
